Traceback (most recent call last):
  File "C:\Users\Windows 11\AppData\Local\Programs\Python\Python311\Lib\site-packages\jupyter_cache\executors\utils.py", line 58, in single_nb_execution
    executenb(
  File "C:\Users\Windows 11\AppData\Local\Programs\Python\Python311\Lib\site-packages\nbclient\client.py", line 1265, in execute
    return NotebookClient(nb=nb, resources=resources, km=km, **kwargs).execute()
           ^^^^^^^^^^^^^^^^^^^^^^^^^^^^^^^^^^^^^^^^^^^^^^^^^^^^^^^^^^^^^^^^^^^^^
  File "C:\Users\Windows 11\AppData\Local\Programs\Python\Python311\Lib\site-packages\jupyter_core\utils\__init__.py", line 166, in wrapped
    return loop.run_until_complete(inner)
           ^^^^^^^^^^^^^^^^^^^^^^^^^^^^^^
  File "C:\Users\Windows 11\AppData\Local\Programs\Python\Python311\Lib\asyncio\base_events.py", line 653, in run_until_complete
    return future.result()
           ^^^^^^^^^^^^^^^
  File "C:\Users\Windows 11\AppData\Local\Programs\Python\Python311\Lib\site-packages\nbclient\client.py", line 703, in async_execute
    await self.async_execute_cell(
  File "C:\Users\Windows 11\AppData\Local\Programs\Python\Python311\Lib\site-packages\nbclient\client.py", line 1021, in async_execute_cell
    await self._check_raise_for_error(cell, cell_index, exec_reply)
  File "C:\Users\Windows 11\AppData\Local\Programs\Python\Python311\Lib\site-packages\nbclient\client.py", line 915, in _check_raise_for_error
    raise CellExecutionError.from_cell_and_msg(cell, exec_reply_content)
nbclient.exceptions.CellExecutionError: An error occurred while executing the following cell:
------------------
import numpy as np
import pandas as pd
from sklearn.model_selection import train_test_split
from sklearn.metrics import mean_squared_error
from sklearn.tree import DecisionTreeRegressor
from sklearn.preprocessing import MinMaxScaler

# Misalnya df adalah DataFrame yang sudah ada dan berisi data
# Normalisasi fitur dan target menggunakan MinMaxScaler
scaler_features = MinMaxScaler()
scaler_target = MinMaxScaler()

# Normalisasi fitur (Harga Telur-4, Harga Telur-3, Harga Telur-2, Harga Telur-1)
df_features_normalized = pd.DataFrame(scaler_features.fit_transform(df[['Harga Telur-4', 'Harga Telur-3', 'Harga Telur-2', 'Harga Telur-1']]),
                                      columns=['Harga Telur-4', 'Harga Telur-3', 'Harga Telur-2', 'Harga Telur-1'],
                                      index=df.index)

# Normalisasi target (Harga Telur)
df_target_normalized = pd.DataFrame(scaler_target.fit_transform(df[['Harga Telur']]),
                                    columns=['Harga Telur'],
                                    index=df.index)

# Gabungkan kembali dataframe yang sudah dinormalisasi
df_normalized = pd.concat([df_features_normalized, df_target_normalized], axis=1)

# Memisahkan data fitur dan target setelah normalisasi
X_normalized = df_normalized[['Harga Telur-4', 'Harga Telur-3', 'Harga Telur-2', 'Harga Telur-1']]
y_normalized = df_normalized['Harga Telur']

# Membagi data menjadi set pelatihan dan pengujian
X_train, X_test, y_train, y_test = train_test_split(X_normalized, y_normalized, test_size=0.2, random_state=42)

# Inisialisasi model Decision Tree Regressor
dt_model = DecisionTreeRegressor(random_state=42)

# Melatih model pada data pelatihan
dt_model.fit(X_train, y_train)

# Memprediksi hasil pada data uji
y_pred = dt_model.predict(X_test)

# Menghitung Mean Squared Error (MSE) dan Root Mean Squared Error (RMSE)
mse = mean_squared_error(y_test, y_pred)
rmse = np.sqrt(mse)

print("Mean Squared Error (MSE) dari Decision Tree Regressor:", mse)
print("Root Mean Squared Error (RMSE) dari Decision Tree Regressor:", rmse)

# Mengembalikan prediksi ke skala asli (bukan yang telah dinormalisasi)
y_pred_original = scaler_target.inverse_transform(y_pred.reshape(-1, 1))

# Menampilkan hasil prediksi dalam skala asli
print(f"Prediksi Harga Telur (dalam skala asli): {y_pred_original.flatten()}")


------------------

[1;31m---------------------------------------------------------------------------[0m
[1;31mKeyError[0m                                  Traceback (most recent call last)
Cell [1;32mIn[13], line 14[0m
[0;32m     11[0m scaler_target [38;5;241m=[39m MinMaxScaler()
[0;32m     13[0m [38;5;66;03m# Normalisasi fitur (Harga Telur-4, Harga Telur-3, Harga Telur-2, Harga Telur-1)[39;00m
[1;32m---> 14[0m df_features_normalized [38;5;241m=[39m pd[38;5;241m.[39mDataFrame(scaler_features[38;5;241m.[39mfit_transform([43mdf[49m[43m[[49m[43m[[49m[38;5;124;43m'[39;49m[38;5;124;43mHarga Telur-4[39;49m[38;5;124;43m'[39;49m[43m,[49m[43m [49m[38;5;124;43m'[39;49m[38;5;124;43mHarga Telur-3[39;49m[38;5;124;43m'[39;49m[43m,[49m[43m [49m[38;5;124;43m'[39;49m[38;5;124;43mHarga Telur-2[39;49m[38;5;124;43m'[39;49m[43m,[49m[43m [49m[38;5;124;43m'[39;49m[38;5;124;43mHarga Telur-1[39;49m[38;5;124;43m'[39;49m[43m][49m[43m][49m),
[0;32m     15[0m                                       columns[38;5;241m=[39m[[38;5;124m'[39m[38;5;124mHarga Telur-4[39m[38;5;124m'[39m, [38;5;124m'[39m[38;5;124mHarga Telur-3[39m[38;5;124m'[39m, [38;5;124m'[39m[38;5;124mHarga Telur-2[39m[38;5;124m'[39m, [38;5;124m'[39m[38;5;124mHarga Telur-1[39m[38;5;124m'[39m],
[0;32m     16[0m                                       index[38;5;241m=[39mdf[38;5;241m.[39mindex)
[0;32m     18[0m [38;5;66;03m# Normalisasi target (Harga Telur)[39;00m
[0;32m     19[0m df_target_normalized [38;5;241m=[39m pd[38;5;241m.[39mDataFrame(scaler_target[38;5;241m.[39mfit_transform(df[[[38;5;124m'[39m[38;5;124mHarga Telur[39m[38;5;124m'[39m]]),
[0;32m     20[0m                                     columns[38;5;241m=[39m[[38;5;124m'[39m[38;5;124mHarga Telur[39m[38;5;124m'[39m],
[0;32m     21[0m                                     index[38;5;241m=[39mdf[38;5;241m.[39mindex)

File [1;32m~\AppData\Local\Programs\Python\Python311\Lib\site-packages\pandas\core\frame.py:4108[0m, in [0;36mDataFrame.__getitem__[1;34m(self, key)[0m
[0;32m   4106[0m     [38;5;28;01mif[39;00m is_iterator(key):
[0;32m   4107[0m         key [38;5;241m=[39m [38;5;28mlist[39m(key)
[1;32m-> 4108[0m     indexer [38;5;241m=[39m [38;5;28;43mself[39;49m[38;5;241;43m.[39;49m[43mcolumns[49m[38;5;241;43m.[39;49m[43m_get_indexer_strict[49m[43m([49m[43mkey[49m[43m,[49m[43m [49m[38;5;124;43m"[39;49m[38;5;124;43mcolumns[39;49m[38;5;124;43m"[39;49m[43m)[49m[[38;5;241m1[39m]
[0;32m   4110[0m [38;5;66;03m# take() does not accept boolean indexers[39;00m
[0;32m   4111[0m [38;5;28;01mif[39;00m [38;5;28mgetattr[39m(indexer, [38;5;124m"[39m[38;5;124mdtype[39m[38;5;124m"[39m, [38;5;28;01mNone[39;00m) [38;5;241m==[39m [38;5;28mbool[39m:

File [1;32m~\AppData\Local\Programs\Python\Python311\Lib\site-packages\pandas\core\indexes\base.py:6200[0m, in [0;36mIndex._get_indexer_strict[1;34m(self, key, axis_name)[0m
[0;32m   6197[0m [38;5;28;01melse[39;00m:
[0;32m   6198[0m     keyarr, indexer, new_indexer [38;5;241m=[39m [38;5;28mself[39m[38;5;241m.[39m_reindex_non_unique(keyarr)
[1;32m-> 6200[0m [38;5;28;43mself[39;49m[38;5;241;43m.[39;49m[43m_raise_if_missing[49m[43m([49m[43mkeyarr[49m[43m,[49m[43m [49m[43mindexer[49m[43m,[49m[43m [49m[43maxis_name[49m[43m)[49m
[0;32m   6202[0m keyarr [38;5;241m=[39m [38;5;28mself[39m[38;5;241m.[39mtake(indexer)
[0;32m   6203[0m [38;5;28;01mif[39;00m [38;5;28misinstance[39m(key, Index):
[0;32m   6204[0m     [38;5;66;03m# GH 42790 - Preserve name from an Index[39;00m

File [1;32m~\AppData\Local\Programs\Python\Python311\Lib\site-packages\pandas\core\indexes\base.py:6249[0m, in [0;36mIndex._raise_if_missing[1;34m(self, key, indexer, axis_name)[0m
[0;32m   6247[0m [38;5;28;01mif[39;00m nmissing:
[0;32m   6248[0m     [38;5;28;01mif[39;00m nmissing [38;5;241m==[39m [38;5;28mlen[39m(indexer):
[1;32m-> 6249[0m         [38;5;28;01mraise[39;00m [38;5;167;01mKeyError[39;00m([38;5;124mf[39m[38;5;124m"[39m[38;5;124mNone of [[39m[38;5;132;01m{[39;00mkey[38;5;132;01m}[39;00m[38;5;124m] are in the [[39m[38;5;132;01m{[39;00maxis_name[38;5;132;01m}[39;00m[38;5;124m][39m[38;5;124m"[39m)
[0;32m   6251[0m     not_found [38;5;241m=[39m [38;5;28mlist[39m(ensure_index(key)[missing_mask[38;5;241m.[39mnonzero()[[38;5;241m0[39m]][38;5;241m.[39munique())
[0;32m   6252[0m     [38;5;28;01mraise[39;00m [38;5;167;01mKeyError[39;00m([38;5;124mf[39m[38;5;124m"[39m[38;5;132;01m{[39;00mnot_found[38;5;132;01m}[39;00m[38;5;124m not in index[39m[38;5;124m"[39m)

[1;31mKeyError[0m: "None of [Index(['Harga Telur-4', 'Harga Telur-3', 'Harga Telur-2', 'Harga Telur-1'], dtype='object')] are in the [columns]"
KeyError: "None of [Index(['Harga Telur-4', 'Harga Telur-3', 'Harga Telur-2', 'Harga Telur-1'], dtype='object')] are in the [columns]"

